\BOOKMARK [0][-]{chapter.1}{\376\377\000H\000i\000e\000r\000a\000r\000c\000h\000i\000c\000a\000l\000\040\000I\000n\000d\000e\000x}{}% 1
\BOOKMARK [1][-]{section.1.1}{\376\377\000C\000l\000a\000s\000s\000\040\000H\000i\000e\000r\000a\000r\000c\000h\000y}{chapter.1}% 2
\BOOKMARK [0][-]{chapter.2}{\376\377\000C\000l\000a\000s\000s\000\040\000I\000n\000d\000e\000x}{}% 3
\BOOKMARK [1][-]{section.2.1}{\376\377\000C\000l\000a\000s\000s\000\040\000L\000i\000s\000t}{chapter.2}% 4
\BOOKMARK [0][-]{chapter.3}{\376\377\000C\000l\000a\000s\000s\000\040\000D\000o\000c\000u\000m\000e\000n\000t\000a\000t\000i\000o\000n}{}% 5
\BOOKMARK [1][-]{section.3.1}{\376\377\000\137\000B\000o\000a\000r\000d\000S\000t\000a\000t\000u\000s\000\040\000S\000t\000r\000u\000c\000t\000\040\000R\000e\000f\000e\000r\000e\000n\000c\000e}{chapter.3}% 6
\BOOKMARK [2][-]{subsection.3.1.1}{\376\377\000D\000e\000t\000a\000i\000l\000e\000d\000\040\000D\000e\000s\000c\000r\000i\000p\000t\000i\000o\000n}{section.3.1}% 7
\BOOKMARK [2][-]{subsection.3.1.2}{\376\377\000M\000e\000m\000b\000e\000r\000\040\000D\000a\000t\000a\000\040\000D\000o\000c\000u\000m\000e\000n\000t\000a\000t\000i\000o\000n}{section.3.1}% 8
\BOOKMARK [3][-]{subsubsection.3.1.2.1}{\376\377\000a\000c\000c\000e\000l\000R\000a\000m\000p\000E\000n\000a\000b\000l\000e}{subsection.3.1.2}% 9
\BOOKMARK [3][-]{subsubsection.3.1.2.2}{\376\377\000p\000i\000d\000E\000n\000a\000b\000l\000e}{subsection.3.1.2}% 10
\BOOKMARK [3][-]{subsubsection.3.1.2.3}{\376\377\000s\000a\000v\000e\000T\000o\000E\000e\000p\000r\000o\000m}{subsection.3.1.2}% 11
\BOOKMARK [3][-]{subsubsection.3.1.2.4}{\376\377\000w\000d\000E\000n\000a\000b\000l\000e}{subsection.3.1.2}% 12
\BOOKMARK [1][-]{section.3.2}{\376\377\000\137\000R\000o\000b\000o\000t\000C\000o\000n\000f\000i\000g\000u\000r\000a\000t\000i\000o\000n\000\040\000S\000t\000r\000u\000c\000t\000\040\000R\000e\000f\000e\000r\000e\000n\000c\000e}{chapter.3}% 13
\BOOKMARK [2][-]{subsection.3.2.1}{\376\377\000D\000e\000t\000a\000i\000l\000e\000d\000\040\000D\000e\000s\000c\000r\000i\000p\000t\000i\000o\000n}{section.3.2}% 14
\BOOKMARK [2][-]{subsection.3.2.2}{\376\377\000M\000e\000m\000b\000e\000r\000\040\000D\000a\000t\000a\000\040\000D\000o\000c\000u\000m\000e\000n\000t\000a\000t\000i\000o\000n}{section.3.2}% 15
\BOOKMARK [3][-]{subsubsection.3.2.2.1}{\376\377\000E\000n\000c\000o\000d\000e\000r\000C\000p\000r\000L\000e\000f\000t}{subsection.3.2.2}% 16
\BOOKMARK [3][-]{subsubsection.3.2.2.2}{\376\377\000E\000n\000c\000o\000d\000e\000r\000C\000p\000r\000R\000i\000g\000h\000t}{subsection.3.2.2}% 17
\BOOKMARK [3][-]{subsubsection.3.2.2.3}{\376\377\000E\000n\000c\000o\000d\000e\000r\000P\000o\000s\000i\000t\000i\000o\000n}{subsection.3.2.2}% 18
\BOOKMARK [3][-]{subsubsection.3.2.2.4}{\376\377\000H\000e\000i\000g\000h\000t}{subsection.3.2.2}% 19
\BOOKMARK [3][-]{subsubsection.3.2.2.5}{\376\377\000L\000e\000n\000g\000h\000t}{subsection.3.2.2}% 20
\BOOKMARK [3][-]{subsubsection.3.2.2.6}{\376\377\000M\000a\000x\000A\000m\000p\000e\000r\000e\000M\000o\000t\000o\000r\000L\000e\000f\000t}{subsection.3.2.2}% 21
\BOOKMARK [3][-]{subsubsection.3.2.2.7}{\376\377\000M\000a\000x\000A\000m\000p\000e\000r\000e\000M\000o\000t\000o\000r\000R\000i\000g\000h\000t}{subsection.3.2.2}% 22
\BOOKMARK [3][-]{subsubsection.3.2.2.8}{\376\377\000M\000a\000x\000R\000p\000m\000M\000o\000t\000o\000r\000L\000e\000f\000t}{subsection.3.2.2}% 23
\BOOKMARK [3][-]{subsubsection.3.2.2.9}{\376\377\000M\000a\000x\000R\000p\000m\000M\000o\000t\000o\000r\000R\000i\000g\000h\000t}{subsection.3.2.2}% 24
\BOOKMARK [3][-]{subsubsection.3.2.2.10}{\376\377\000M\000a\000x\000T\000o\000r\000q\000u\000e\000M\000o\000t\000o\000r\000L\000e\000f\000t}{subsection.3.2.2}% 25
\BOOKMARK [3][-]{subsubsection.3.2.2.11}{\376\377\000M\000a\000x\000T\000o\000r\000q\000u\000e\000M\000o\000t\000o\000r\000R\000i\000g\000h\000t}{subsection.3.2.2}% 26
\BOOKMARK [3][-]{subsubsection.3.2.2.12}{\376\377\000M\000o\000t\000o\000r\000E\000n\000a\000b\000l\000e\000L\000e\000v\000e\000l}{subsection.3.2.2}% 27
\BOOKMARK [3][-]{subsubsection.3.2.2.13}{\376\377\000R\000a\000t\000i\000o\000M\000o\000t\000o\000r\000L\000e\000f\000t}{subsection.3.2.2}% 28
\BOOKMARK [3][-]{subsubsection.3.2.2.14}{\376\377\000R\000a\000t\000i\000o\000M\000o\000t\000o\000r\000R\000i\000g\000h\000t}{subsection.3.2.2}% 29
\BOOKMARK [3][-]{subsubsection.3.2.2.15}{\376\377\000R\000a\000t\000i\000o\000S\000h\000a\000f\000t\000L\000e\000f\000t}{subsection.3.2.2}% 30
\BOOKMARK [3][-]{subsubsection.3.2.2.16}{\376\377\000R\000a\000t\000i\000o\000S\000h\000a\000f\000t\000R\000i\000g\000h\000t}{subsection.3.2.2}% 31
\BOOKMARK [3][-]{subsubsection.3.2.2.17}{\376\377\000W\000e\000i\000g\000h\000t}{subsection.3.2.2}% 32
\BOOKMARK [3][-]{subsubsection.3.2.2.18}{\376\377\000W\000h\000e\000e\000l\000B\000a\000s\000e}{subsection.3.2.2}% 33
\BOOKMARK [3][-]{subsubsection.3.2.2.19}{\376\377\000W\000h\000e\000e\000l\000R\000a\000d\000i\000u\000s\000L\000e\000f\000t}{subsection.3.2.2}% 34
\BOOKMARK [3][-]{subsubsection.3.2.2.20}{\376\377\000W\000h\000e\000e\000l\000R\000a\000d\000i\000u\000s\000R\000i\000g\000h\000t}{subsection.3.2.2}% 35
\BOOKMARK [3][-]{subsubsection.3.2.2.21}{\376\377\000W\000i\000d\000t\000h}{subsection.3.2.2}% 36
\BOOKMARK [1][-]{section.3.3}{\376\377\000r\000o\000b\000o\000c\000t\000r\000l\000:\000:\000R\000c\000E\000x\000c\000e\000p\000t\000i\000o\000n\000\040\000C\000l\000a\000s\000s\000\040\000R\000e\000f\000e\000r\000e\000n\000c\000e}{chapter.3}% 37
\BOOKMARK [2][-]{subsection.3.3.1}{\376\377\000D\000e\000t\000a\000i\000l\000e\000d\000\040\000D\000e\000s\000c\000r\000i\000p\000t\000i\000o\000n}{section.3.3}% 38
\BOOKMARK [2][-]{subsection.3.3.2}{\376\377\000C\000o\000n\000s\000t\000r\000u\000c\000t\000o\000r\000\040\000\046\000\040\000D\000e\000s\000t\000r\000u\000c\000t\000o\000r\000\040\000D\000o\000c\000u\000m\000e\000n\000t\000a\000t\000i\000o\000n}{section.3.3}% 39
\BOOKMARK [3][-]{subsubsection.3.3.2.1}{\376\377\000R\000c\000E\000x\000c\000e\000p\000t\000i\000o\000n}{subsection.3.3.2}% 40
\BOOKMARK [3][-]{subsubsection.3.3.2.2}{\376\377\000R\000c\000E\000x\000c\000e\000p\000t\000i\000o\000n}{subsection.3.3.2}% 41
\BOOKMARK [2][-]{subsection.3.3.3}{\376\377\000M\000e\000m\000b\000e\000r\000\040\000F\000u\000n\000c\000t\000i\000o\000n\000\040\000D\000o\000c\000u\000m\000e\000n\000t\000a\000t\000i\000o\000n}{section.3.3}% 42
\BOOKMARK [3][-]{subsubsection.3.3.3.1}{\376\377\000G\000e\000t\000M\000e\000s\000s\000a\000g\000e}{subsection.3.3.3}% 43
\BOOKMARK [3][-]{subsubsection.3.3.3.2}{\376\377\000G\000e\000t\000T\000y\000p\000e}{subsection.3.3.3}% 44
\BOOKMARK [3][-]{subsubsection.3.3.3.3}{\376\377\000o\000p\000e\000r\000a\000t\000o\000r\000\040\000c\000o\000n\000s\000t\000\040\000c\000h\000a\000r\000\040}{subsection.3.3.3}% 45
\BOOKMARK [1][-]{section.3.4}{\376\377\000r\000o\000b\000o\000c\000t\000r\000l\000:\000:\000R\000o\000b\000o\000C\000o\000n\000t\000r\000o\000l\000l\000e\000r\000S\000D\000K\000\040\000C\000l\000a\000s\000s\000\040\000R\000e\000f\000e\000r\000e\000n\000c\000e}{chapter.3}% 46
\BOOKMARK [2][-]{subsection.3.4.1}{\376\377\000M\000e\000m\000b\000e\000r\000\040\000F\000u\000n\000c\000t\000i\000o\000n\000\040\000D\000o\000c\000u\000m\000e\000n\000t\000a\000t\000i\000o\000n}{section.3.4}% 47
\BOOKMARK [3][-]{subsubsection.3.4.1.1}{\376\377\000g\000e\000t\000M\000o\000t\000o\000r\000P\000i\000d\000G\000a\000i\000n\000s}{subsection.3.4.1}% 48
\BOOKMARK [3][-]{subsubsection.3.4.1.2}{\376\377\000g\000e\000t\000M\000o\000t\000o\000r\000P\000W\000M}{subsection.3.4.1}% 49
\BOOKMARK [3][-]{subsubsection.3.4.1.3}{\376\377\000g\000e\000t\000M\000o\000t\000o\000r\000S\000p\000e\000e\000d}{subsection.3.4.1}% 50
\BOOKMARK [3][-]{subsubsection.3.4.1.4}{\376\377\000g\000e\000t\000R\000o\000b\000o\000t\000C\000o\000n\000f\000i\000g\000u\000r\000a\000t\000i\000o\000n\000F\000r\000o\000m\000I\000n\000i}{subsection.3.4.1}% 51
\BOOKMARK [3][-]{subsubsection.3.4.1.5}{\376\377\000r\000u\000n}{subsection.3.4.1}% 52
\BOOKMARK [3][-]{subsubsection.3.4.1.6}{\376\377\000s\000a\000v\000e\000R\000o\000b\000o\000t\000C\000o\000n\000f\000i\000g\000u\000r\000a\000t\000i\000o\000n\000T\000o\000I\000n\000i}{subsection.3.4.1}% 53
\BOOKMARK [3][-]{subsubsection.3.4.1.7}{\376\377\000s\000e\000t\000B\000o\000a\000r\000d\000S\000t\000a\000t\000u\000s}{subsection.3.4.1}% 54
\BOOKMARK [3][-]{subsubsection.3.4.1.8}{\376\377\000s\000e\000t\000C\000o\000m\000m\000M\000o\000d\000e}{subsection.3.4.1}% 55
\BOOKMARK [3][-]{subsubsection.3.4.1.9}{\376\377\000s\000e\000t\000M\000o\000t\000o\000r\000P\000i\000d\000G\000a\000i\000n\000s}{subsection.3.4.1}% 56
\BOOKMARK [3][-]{subsubsection.3.4.1.10}{\376\377\000s\000e\000t\000M\000o\000t\000o\000r\000P\000W\000M}{subsection.3.4.1}% 57
\BOOKMARK [3][-]{subsubsection.3.4.1.11}{\376\377\000s\000e\000t\000M\000o\000t\000o\000r\000S\000p\000e\000e\000d}{subsection.3.4.1}% 58
\BOOKMARK [-1][-]{section*.10}{\376\377\000I\000n\000d\000e\000x}{}% 59
